{"name": "Ручка https://stellarburgers.nomoreparties.site/api/orders", "status": "failed", "statusDetails": {"message": "AssertionError: assert 200 == 404\n +  where 200 = <Response [200]>.status_code", "trace": "self = <tests.test_create_order.TestCreateOrder object at 0x000001A4A2EB8C10>\n\n    @allure.title(\"Ручка https://stellarburgers.nomoreparties.site/api/orders\")\n    @allure.description(\"Создаём пользователя, получаем данные об ингредиентах, создаём заказ без авторизации\")\n    def test_create_order_no_auth_with_ingr(self):\n        with allure.step('Получение получение данных об ингредиентах'):\n            responce_ingredients = requests.get(URLS.URL_CREATE_ORDER)\n            ingredients = responce_ingredients.json()[\"data\"]\n    \n            body_order = \\\n                {\n                    \"ingredients\": [ingredients[0][\"_id\"], ingredients[1][\"_id\"]]\n                }\n    \n        with allure.step('Запрос на создание заказа'):\n            responce = requests.post(URLS.URL_GET_ORDERS_USER, json=body_order)\n    \n>       assert responce.status_code == 404\nE       assert 200 == 404\nE        +  where 200 = <Response [200]>.status_code\n\ntest_api\\tests\\test_create_order.py:56: AssertionError"}, "description": "Создаём пользователя, получаем данные об ингредиентах, создаём заказ без авторизации", "steps": [{"name": "Получение получение данных об ингредиентах", "status": "passed", "start": 1712953882739, "stop": 1712953883008}, {"name": "Запрос на создание заказа", "status": "passed", "start": 1712953883008, "stop": 1712953883199}], "start": 1712953882739, "stop": 1712953883199, "uuid": "54bb6ade-ad7f-4068-a49a-a72c05528698", "historyId": "62632df35d0eb2d0851b7ae2d62e79d3", "testCaseId": "62632df35d0eb2d0851b7ae2d62e79d3", "fullName": "test_api.tests.test_create_order.TestCreateOrder#test_create_order_no_auth_with_ingr", "labels": [{"name": "parentSuite", "value": "test_api.tests"}, {"name": "suite", "value": "test_create_order"}, {"name": "subSuite", "value": "TestCreateOrder"}, {"name": "host", "value": "LAPTOP-KS9V29SF"}, {"name": "thread", "value": "36900-MainThread"}, {"name": "framework", "value": "pytest"}, {"name": "language", "value": "cpython3"}, {"name": "package", "value": "test_api.tests.test_create_order"}]}